# JRE version: OpenJDK Runtime Environment Microsoft-8035246 (17.0.8+7) (build 17.0.8+7-LTS)
# Java VM: OpenJDK 64-Bit Server VM Microsoft-8035246 (17.0.8+7-LTS, mixed mode, sharing, tiered, compressed oops, compressed class ptrs, g1 gc, windows-amd64)
GC Precious Log:
 CPUs: 4 total, 4 available
 Memory: 7965M
 Large Page Support: Disabled
 NUMA Support: Disabled
 Compressed Oops: Enabled (32-bit)
 Heap Region Size: 1M
 Heap Min Capacity: 8M
 Heap Initial Capacity: 126M
 Heap Max Capacity: 2G
 Pre-touch: Disabled
 Parallel Workers: 4
 Concurrent Workers: 1
 Concurrent Refinement Workers: 4
 Periodic GC: Disabled
Heap:
 garbage-first heap   total 326656K, used 187306K [0x0000000080000000, 0x0000000100000000)
  region size 1024K, 9 young (9216K), 7 survivors (7168K)
 Metaspace       used 107905K, committed 108992K, reserved 557056K
  class space    used 15027K, committed 15552K, reserved 425984K
GC Heap History (20 events):
Event: 30.389 GC heap before
{Heap before GC invocations=46 (full 0):
 garbage-first heap   total 167936K, used 115118K [0x0000000080000000, 0x0000000100000000)
  region size 1024K, 27 young (27648K), 2 survivors (2048K)
 Metaspace       used 77593K, committed 78336K, reserved 557056K
  class space    used 10766K, committed 11136K, reserved 425984K
}
Event: 30.393 GC heap after
{Heap after GC invocations=47 (full 0):
 garbage-first heap   total 167936K, used 90940K [0x0000000080000000, 0x0000000100000000)
  region size 1024K, 4 young (4096K), 4 survivors (4096K)
 Metaspace       used 77593K, committed 78336K, reserved 557056K
  class space    used 10766K, committed 11136K, reserved 425984K
}
Event: 30.441 GC heap before
{Heap before GC invocations=47 (full 0):
 garbage-first heap   total 167936K, used 95036K [0x0000000080000000, 0x0000000100000000)
  region size 1024K, 8 young (8192K), 4 survivors (4096K)
 Metaspace       used 77855K, committed 78592K, reserved 557056K
  class space    used 10801K, committed 11136K, reserved 425984K
}
Event: 30.447 GC heap after
{Heap after GC invocations=48 (full 0):
 garbage-first heap   total 326656K, used 90989K [0x0000000080000000, 0x0000000100000000)
  region size 1024K, 1 young (1024K), 1 survivors (1024K)
 Metaspace       used 77855K, committed 78592K, reserved 557056K
  class space    used 10801K, committed 11136K, reserved 425984K
}
Event: 36.216 GC heap before
{Heap before GC invocations=48 (full 0):
 garbage-first heap   total 326656K, used 221037K [0x0000000080000000, 0x0000000100000000)
  region size 1024K, 128 young (131072K), 1 survivors (1024K)
 Metaspace       used 84309K, committed 85056K, reserved 557056K
  class space    used 11677K, committed 12032K, reserved 425984K
}
Event: 36.226 GC heap after
{Heap after GC invocations=49 (full 0):
 garbage-first heap   total 326656K, used 97993K [0x0000000080000000, 0x0000000100000000)
  region size 1024K, 8 young (8192K), 8 survivors (8192K)
 Metaspace       used 84309K, committed 85056K, reserved 557056K
  class space    used 11677K, committed 12032K, reserved 425984K
}
Event: 38.852 GC heap before
{Heap before GC invocations=49 (full 0):
 garbage-first heap   total 326656K, used 247497K [0x0000000080000000, 0x0000000100000000)
  region size 1024K, 150 young (153600K), 8 survivors (8192K)
 Metaspace       used 91877K, committed 92672K, reserved 557056K
  class space    used 12864K, committed 13248K, reserved 425984K
}
Event: 38.873 GC heap after
{Heap after GC invocations=50 (full 0):
 garbage-first heap   total 326656K, used 116754K [0x0000000080000000, 0x0000000100000000)
  region size 1024K, 19 young (19456K), 19 survivors (19456K)
 Metaspace       used 91877K, committed 92672K, reserved 557056K
  class space    used 12864K, committed 13248K, reserved 425984K
}
Event: 41.274 GC heap before
{Heap before GC invocations=50 (full 0):
 garbage-first heap   total 326656K, used 250898K [0x0000000080000000, 0x0000000100000000)
  region size 1024K, 148 young (151552K), 19 survivors (19456K)
 Metaspace       used 97118K, committed 98048K, reserved 557056K
  class space    used 13648K, committed 14080K, reserved 425984K
}
Event: 41.308 GC heap after
{Heap after GC invocations=51 (full 0):
 garbage-first heap   total 326656K, used 135048K [0x0000000080000000, 0x0000000100000000)
  region size 1024K, 16 young (16384K), 16 survivors (16384K)
 Metaspace       used 97118K, committed 98048K, reserved 557056K
  class space    used 13648K, committed 14080K, reserved 425984K
}
Event: 42.404 GC heap before
{Heap before GC invocations=51 (full 0):
 garbage-first heap   total 326656K, used 250760K [0x0000000080000000, 0x0000000100000000)
  region size 1024K, 129 young (132096K), 16 survivors (16384K)
 Metaspace       used 100245K, committed 101184K, reserved 557056K
  class space    used 14061K, committed 14464K, reserved 425984K
}
Event: 42.430 GC heap after
{Heap after GC invocations=52 (full 0):
 garbage-first heap   total 326656K, used 148360K [0x0000000080000000, 0x0000000100000000)
  region size 1024K, 14 young (14336K), 14 survivors (14336K)
 Metaspace       used 100245K, committed 101184K, reserved 557056K
  class space    used 14061K, committed 14464K, reserved 425984K
}
Event: 43.980 GC heap before
{Heap before GC invocations=52 (full 0):
 garbage-first heap   total 326656K, used 254856K [0x0000000080000000, 0x0000000100000000)
  region size 1024K, 117 young (119808K), 14 survivors (14336K)
 Metaspace       used 102138K, committed 103168K, reserved 557056K
  class space    used 14302K, committed 14784K, reserved 425984K
}
Event: 44.015 GC heap after
{Heap after GC invocations=53 (full 0):
 garbage-first heap   total 326656K, used 167304K [0x0000000080000000, 0x0000000100000000)
  region size 1024K, 15 young (15360K), 15 survivors (15360K)
 Metaspace       used 102138K, committed 103168K, reserved 557056K
  class space    used 14302K, committed 14784K, reserved 425984K
}
Event: 45.696 GC heap before
{Heap before GC invocations=53 (full 0):
 garbage-first heap   total 326656K, used 254344K [0x0000000080000000, 0x0000000100000000)
  region size 1024K, 100 young (102400K), 15 survivors (15360K)
 Metaspace       used 106499K, committed 107584K, reserved 557056K
  class space    used 14862K, committed 15360K, reserved 425984K
}
Event: 45.734 GC heap after
{Heap after GC invocations=54 (full 0):
 garbage-first heap   total 326656K, used 178056K [0x0000000080000000, 0x0000000100000000)
  region size 1024K, 10 young (10240K), 10 survivors (10240K)
 Metaspace       used 106499K, committed 107584K, reserved 557056K
  class space    used 14862K, committed 15360K, reserved 425984K
}
Event: 47.674 GC heap before
{Heap before GC invocations=55 (full 0):
 garbage-first heap   total 326656K, used 254856K [0x0000000080000000, 0x0000000100000000)
  region size 1024K, 90 young (92160K), 10 survivors (10240K)
 Metaspace       used 107765K, committed 108864K, reserved 557056K
  class space    used 15022K, committed 15552K, reserved 425984K
}
Event: 47.701 GC heap after
{Heap after GC invocations=56 (full 0):
 garbage-first heap   total 326656K, used 180052K [0x0000000080000000, 0x0000000100000000)
  region size 1024K, 7 young (7168K), 7 survivors (7168K)
 Metaspace       used 107765K, committed 108864K, reserved 557056K
  class space    used 15022K, committed 15552K, reserved 425984K
}
Event: 47.777 GC heap before
{Heap before GC invocations=56 (full 0):
 garbage-first heap   total 326656K, used 188244K [0x0000000080000000, 0x0000000100000000)
  region size 1024K, 15 young (15360K), 7 survivors (7168K)
 Metaspace       used 107807K, committed 108928K, reserved 557056K
  class space    used 15027K, committed 15552K, reserved 425984K
}
Event: 47.795 GC heap after
{Heap after GC invocations=57 (full 0):
 garbage-first heap   total 326656K, used 181612K [0x0000000080000000, 0x0000000100000000)
  region size 1024K, 2 young (2048K), 2 survivors (2048K)
 Metaspace       used 107807K, committed 108928K, reserved 557056K
  class space    used 15027K, committed 15552K, reserved 425984K
}

