# JRE version: OpenJDK Runtime Environment Microsoft-8035246 (17.0.8+7) (build 17.0.8+7-LTS)
# Java VM: OpenJDK 64-Bit Server VM Microsoft-8035246 (17.0.8+7-LTS, mixed mode, sharing, tiered, compressed oops, compressed class ptrs, g1 gc, windows-amd64)
GC Precious Log:
 CPUs: 4 total, 4 available
 Memory: 7965M
 Large Page Support: Disabled
 NUMA Support: Disabled
 Compressed Oops: Enabled (32-bit)
 Heap Region Size: 1M
 Heap Min Capacity: 8M
 Heap Initial Capacity: 126M
 Heap Max Capacity: 2G
 Pre-touch: Disabled
 Parallel Workers: 4
 Concurrent Workers: 1
 Concurrent Refinement Workers: 4
 Periodic GC: Disabled
Heap:
 garbage-first heap   total 342016K, used 272773K [0x0000000080000000, 0x0000000100000000)
  region size 1024K, 83 young (84992K), 7 survivors (7168K)
 Metaspace       used 108025K, committed 109056K, reserved 557056K
  class space    used 15028K, committed 15488K, reserved 425984K
GC Heap History (20 events):
Event: 110.426 GC heap before
{Heap before GC invocations=41 (full 0):
 garbage-first heap   total 208896K, used 159009K [0x0000000080000000, 0x0000000100000000)
  region size 1024K, 60 young (61440K), 9 survivors (9216K)
 Metaspace       used 92885K, committed 93760K, reserved 557056K
  class space    used 13043K, committed 13440K, reserved 425984K
}
Event: 110.444 GC heap after
{Heap after GC invocations=42 (full 0):
 garbage-first heap   total 208896K, used 116793K [0x0000000080000000, 0x0000000100000000)
  region size 1024K, 8 young (8192K), 8 survivors (8192K)
 Metaspace       used 92885K, committed 93760K, reserved 557056K
  class space    used 13043K, committed 13440K, reserved 425984K
}
Event: 111.161 GC heap before
{Heap before GC invocations=43 (full 0):
 garbage-first heap   total 208896K, used 169017K [0x0000000080000000, 0x0000000100000000)
  region size 1024K, 56 young (57344K), 8 survivors (8192K)
 Metaspace       used 94339K, committed 95296K, reserved 557056K
  class space    used 13269K, committed 13696K, reserved 425984K
}
Event: 111.178 GC heap after
{Heap after GC invocations=44 (full 0):
 garbage-first heap   total 208896K, used 127861K [0x0000000080000000, 0x0000000100000000)
  region size 1024K, 7 young (7168K), 7 survivors (7168K)
 Metaspace       used 94339K, committed 95296K, reserved 557056K
  class space    used 13269K, committed 13696K, reserved 425984K
}
Event: 111.257 GC heap before
{Heap before GC invocations=44 (full 0):
 garbage-first heap   total 208896K, used 130933K [0x0000000080000000, 0x0000000100000000)
  region size 1024K, 10 young (10240K), 7 survivors (7168K)
 Metaspace       used 94654K, committed 95488K, reserved 557056K
  class space    used 13308K, committed 13696K, reserved 425984K
}
Event: 111.266 GC heap after
{Heap after GC invocations=45 (full 0):
 garbage-first heap   total 208896K, used 129644K [0x0000000080000000, 0x0000000100000000)
  region size 1024K, 1 young (1024K), 1 survivors (1024K)
 Metaspace       used 94654K, committed 95488K, reserved 557056K
  class space    used 13308K, committed 13696K, reserved 425984K
}
Event: 111.899 GC heap before
{Heap before GC invocations=45 (full 0):
 garbage-first heap   total 208896K, used 170604K [0x0000000080000000, 0x0000000100000000)
  region size 1024K, 41 young (41984K), 1 survivors (1024K)
 Metaspace       used 96973K, committed 97920K, reserved 557056K
  class space    used 13634K, committed 14080K, reserved 425984K
}
Event: 111.904 GC heap after
{Heap after GC invocations=46 (full 0):
 garbage-first heap   total 208896K, used 130526K [0x0000000080000000, 0x0000000100000000)
  region size 1024K, 2 young (2048K), 2 survivors (2048K)
 Metaspace       used 96973K, committed 97920K, reserved 557056K
  class space    used 13634K, committed 14080K, reserved 425984K
}
Event: 112.524 GC heap before
{Heap before GC invocations=47 (full 0):
 garbage-first heap   total 249856K, used 172510K [0x0000000080000000, 0x0000000100000000)
  region size 1024K, 43 young (44032K), 2 survivors (2048K)
 Metaspace       used 99149K, committed 100096K, reserved 557056K
  class space    used 13932K, committed 14336K, reserved 425984K
}
Event: 112.531 GC heap after
{Heap after GC invocations=48 (full 0):
 garbage-first heap   total 249856K, used 132664K [0x0000000080000000, 0x0000000100000000)
  region size 1024K, 4 young (4096K), 4 survivors (4096K)
 Metaspace       used 99149K, committed 100096K, reserved 557056K
  class space    used 13932K, committed 14336K, reserved 425984K
}
Event: 112.619 GC heap before
{Heap before GC invocations=48 (full 0):
 garbage-first heap   total 249856K, used 140856K [0x0000000080000000, 0x0000000100000000)
  region size 1024K, 12 young (12288K), 4 survivors (4096K)
 Metaspace       used 99608K, committed 100544K, reserved 557056K
  class space    used 13988K, committed 14400K, reserved 425984K
}
Event: 112.629 GC heap after
{Heap after GC invocations=49 (full 0):
 garbage-first heap   total 342016K, used 133266K [0x0000000080000000, 0x0000000100000000)
  region size 1024K, 2 young (2048K), 2 survivors (2048K)
 Metaspace       used 99608K, committed 100544K, reserved 557056K
  class space    used 13988K, committed 14400K, reserved 425984K
}
Event: 113.537 GC heap before
{Heap before GC invocations=49 (full 0):
 garbage-first heap   total 342016K, used 247954K [0x0000000080000000, 0x0000000100000000)
  region size 1024K, 113 young (115712K), 2 survivors (2048K)
 Metaspace       used 100421K, committed 101376K, reserved 557056K
  class space    used 14083K, committed 14528K, reserved 425984K
}
Event: 113.562 GC heap after
{Heap after GC invocations=50 (full 0):
 garbage-first heap   total 342016K, used 151764K [0x0000000080000000, 0x0000000100000000)
  region size 1024K, 15 young (15360K), 15 survivors (15360K)
 Metaspace       used 100421K, committed 101376K, reserved 557056K
  class space    used 14083K, committed 14528K, reserved 425984K
}
Event: 115.247 GC heap before
{Heap before GC invocations=50 (full 0):
 garbage-first heap   total 342016K, used 253140K [0x0000000080000000, 0x0000000100000000)
  region size 1024K, 114 young (116736K), 15 survivors (15360K)
 Metaspace       used 105654K, committed 106752K, reserved 557056K
  class space    used 14792K, committed 15296K, reserved 425984K
}
Event: 115.279 GC heap after
{Heap after GC invocations=51 (full 0):
 garbage-first heap   total 342016K, used 166330K [0x0000000080000000, 0x0000000100000000)
  region size 1024K, 13 young (13312K), 13 survivors (13312K)
 Metaspace       used 105654K, committed 106752K, reserved 557056K
  class space    used 14792K, committed 15296K, reserved 425984K
}
Event: 116.824 GC heap before
{Heap before GC invocations=51 (full 0):
 garbage-first heap   total 342016K, used 260538K [0x0000000080000000, 0x0000000100000000)
  region size 1024K, 106 young (108544K), 13 survivors (13312K)
 Metaspace       used 107235K, committed 108352K, reserved 557056K
  class space    used 14965K, committed 15488K, reserved 425984K
}
Event: 116.852 GC heap after
{Heap after GC invocations=52 (full 0):
 garbage-first heap   total 342016K, used 177541K [0x0000000080000000, 0x0000000100000000)
  region size 1024K, 11 young (11264K), 11 survivors (11264K)
 Metaspace       used 107235K, committed 108352K, reserved 557056K
  class space    used 14965K, committed 15488K, reserved 425984K
}
Event: 118.063 GC heap before
{Heap before GC invocations=52 (full 0):
 garbage-first heap   total 342016K, used 267653K [0x0000000080000000, 0x0000000100000000)
  region size 1024K, 100 young (102400K), 11 survivors (11264K)
 Metaspace       used 107736K, committed 108800K, reserved 557056K
  class space    used 15014K, committed 15488K, reserved 425984K
}
Event: 118.088 GC heap after
{Heap after GC invocations=53 (full 0):
 garbage-first heap   total 342016K, used 184709K [0x0000000080000000, 0x0000000100000000)
  region size 1024K, 7 young (7168K), 7 survivors (7168K)
 Metaspace       used 107736K, committed 108800K, reserved 557056K
  class space    used 15014K, committed 15488K, reserved 425984K
}

